# JRE version: Java(TM) SE Runtime Environment (17.0.12+8) (build 17.0.12+8-LTS-286)
# Java VM: Java HotSpot(TM) 64-Bit Server VM (17.0.12+8-LTS-286, mixed mode, sharing, tiered, compressed oops, compressed class ptrs, g1 gc, windows-amd64)
GC Precious Log:
 CPUs: 12 total, 12 available
 Memory: 7563M
 Large Page Support: Disabled
 NUMA Support: Disabled
 Compressed Oops: Enabled (32-bit)
 Heap Region Size: 1M
 Heap Min Capacity: 8M
 Heap Initial Capacity: 120M
 Heap Max Capacity: 2G
 Pre-touch: Disabled
 Parallel Workers: 10
 Concurrent Workers: 3
 Concurrent Refinement Workers: 10
 Periodic GC: Disabled
Heap:
 garbage-first heap   total 122880K, used 62432K [0x0000000080000000, 0x0000000100000000)
  region size 1024K, 1 young (1024K), 1 survivors (1024K)
 Metaspace       used 60476K, committed 61056K, reserved 491520K
  class space    used 8584K, committed 8896K, reserved 425984K
GC Heap History (20 events):
Event: 12.898 GC heap after
{Heap after GC invocations=14 (full 0):
 garbage-first heap   total 86016K, used 38648K [0x0000000080000000, 0x0000000100000000)
  region size 1024K, 4 young (4096K), 4 survivors (4096K)
 Metaspace       used 47623K, committed 48128K, reserved 491520K
  class space    used 6679K, committed 6912K, reserved 425984K
}
Event: 14.133 GC heap before
{Heap before GC invocations=14 (full 0):
 garbage-first heap   total 86016K, used 69368K [0x0000000080000000, 0x0000000100000000)
  region size 1024K, 34 young (34816K), 4 survivors (4096K)
 Metaspace       used 50632K, committed 51200K, reserved 491520K
  class space    used 7164K, committed 7424K, reserved 425984K
}
Event: 14.137 GC heap after
{Heap after GC invocations=15 (full 0):
 garbage-first heap   total 86016K, used 40845K [0x0000000080000000, 0x0000000100000000)
  region size 1024K, 4 young (4096K), 4 survivors (4096K)
 Metaspace       used 50632K, committed 51200K, reserved 491520K
  class space    used 7164K, committed 7424K, reserved 425984K
}
Event: 14.798 GC heap before
{Heap before GC invocations=15 (full 0):
 garbage-first heap   total 86016K, used 68493K [0x0000000080000000, 0x0000000100000000)
  region size 1024K, 32 young (32768K), 4 survivors (4096K)
 Metaspace       used 51645K, committed 52224K, reserved 491520K
  class space    used 7268K, committed 7552K, reserved 425984K
}
Event: 14.804 GC heap after
{Heap after GC invocations=16 (full 0):
 garbage-first heap   total 86016K, used 44214K [0x0000000080000000, 0x0000000100000000)
  region size 1024K, 4 young (4096K), 4 survivors (4096K)
 Metaspace       used 51645K, committed 52224K, reserved 491520K
  class space    used 7268K, committed 7552K, reserved 425984K
}
Event: 15.317 GC heap before
{Heap before GC invocations=16 (full 0):
 garbage-first heap   total 86016K, used 67766K [0x0000000080000000, 0x0000000100000000)
  region size 1024K, 28 young (28672K), 4 survivors (4096K)
 Metaspace       used 53586K, committed 54144K, reserved 491520K
  class space    used 7581K, committed 7872K, reserved 425984K
}
Event: 15.321 GC heap after
{Heap after GC invocations=17 (full 0):
 garbage-first heap   total 86016K, used 45093K [0x0000000080000000, 0x0000000100000000)
  region size 1024K, 3 young (3072K), 3 survivors (3072K)
 Metaspace       used 53586K, committed 54144K, reserved 491520K
  class space    used 7581K, committed 7872K, reserved 425984K
}
Event: 15.841 GC heap before
{Heap before GC invocations=18 (full 0):
 garbage-first heap   total 86016K, used 57381K [0x0000000080000000, 0x0000000100000000)
  region size 1024K, 16 young (16384K), 3 survivors (3072K)
 Metaspace       used 54497K, committed 55040K, reserved 491520K
  class space    used 7762K, committed 8064K, reserved 425984K
}
Event: 15.844 GC heap after
{Heap after GC invocations=19 (full 0):
 garbage-first heap   total 86016K, used 46056K [0x0000000080000000, 0x0000000100000000)
  region size 1024K, 2 young (2048K), 2 survivors (2048K)
 Metaspace       used 54497K, committed 55040K, reserved 491520K
  class space    used 7762K, committed 8064K, reserved 425984K
}
Event: 16.438 GC heap before
{Heap before GC invocations=20 (full 0):
 garbage-first heap   total 89088K, used 79848K [0x0000000080000000, 0x0000000100000000)
  region size 1024K, 24 young (24576K), 2 survivors (2048K)
 Metaspace       used 56671K, committed 57216K, reserved 491520K
  class space    used 8083K, committed 8320K, reserved 425984K
}
Event: 16.441 GC heap after
{Heap after GC invocations=21 (full 0):
 garbage-first heap   total 89088K, used 61135K [0x0000000080000000, 0x0000000100000000)
  region size 1024K, 3 young (3072K), 3 survivors (3072K)
 Metaspace       used 56671K, committed 57216K, reserved 491520K
  class space    used 8083K, committed 8320K, reserved 425984K
}
Event: 16.468 GC heap before
{Heap before GC invocations=21 (full 0):
 garbage-first heap   total 89088K, used 62159K [0x0000000080000000, 0x0000000100000000)
  region size 1024K, 4 young (4096K), 3 survivors (3072K)
 Metaspace       used 56773K, committed 57344K, reserved 491520K
  class space    used 8091K, committed 8320K, reserved 425984K
}
Event: 16.470 GC heap after
{Heap after GC invocations=22 (full 0):
 garbage-first heap   total 89088K, used 60418K [0x0000000080000000, 0x0000000100000000)
  region size 1024K, 1 young (1024K), 1 survivors (1024K)
 Metaspace       used 56773K, committed 57344K, reserved 491520K
  class space    used 8091K, committed 8320K, reserved 425984K
}
Event: 16.953 GC heap before
{Heap before GC invocations=22 (full 0):
 garbage-first heap   total 89088K, used 73730K [0x0000000080000000, 0x0000000100000000)
  region size 1024K, 14 young (14336K), 1 survivors (1024K)
 Metaspace       used 57783K, committed 58368K, reserved 491520K
  class space    used 8225K, committed 8448K, reserved 425984K
}
Event: 16.955 GC heap after
{Heap after GC invocations=23 (full 0):
 garbage-first heap   total 89088K, used 60854K [0x0000000080000000, 0x0000000100000000)
  region size 1024K, 1 young (1024K), 1 survivors (1024K)
 Metaspace       used 57783K, committed 58368K, reserved 491520K
  class space    used 8225K, committed 8448K, reserved 425984K
}
Event: 17.245 GC heap before
{Heap before GC invocations=24 (full 0):
 garbage-first heap   total 107520K, used 73142K [0x0000000080000000, 0x0000000100000000)
  region size 1024K, 14 young (14336K), 1 survivors (1024K)
 Metaspace       used 58852K, committed 59456K, reserved 491520K
  class space    used 8353K, committed 8640K, reserved 425984K
}
Event: 17.248 GC heap after
{Heap after GC invocations=25 (full 0):
 garbage-first heap   total 107520K, used 62256K [0x0000000080000000, 0x0000000100000000)
  region size 1024K, 2 young (2048K), 2 survivors (2048K)
 Metaspace       used 58852K, committed 59456K, reserved 491520K
  class space    used 8353K, committed 8640K, reserved 425984K
}
Event: 17.295 GC heap before
{Heap before GC invocations=25 (full 0):
 garbage-first heap   total 107520K, used 65328K [0x0000000080000000, 0x0000000100000000)
  region size 1024K, 5 young (5120K), 2 survivors (2048K)
 Metaspace       used 59023K, committed 59584K, reserved 491520K
  class space    used 8379K, committed 8640K, reserved 425984K
}
Event: 17.298 GC heap after
{Heap after GC invocations=26 (full 0):
 garbage-first heap   total 107520K, used 61937K [0x0000000080000000, 0x0000000100000000)
  region size 1024K, 1 young (1024K), 1 survivors (1024K)
 Metaspace       used 59023K, committed 59584K, reserved 491520K
  class space    used 8379K, committed 8640K, reserved 425984K
}
Event: 17.695 GC heap before
{Heap before GC invocations=26 (full 0):
 garbage-first heap   total 107520K, used 86513K [0x0000000080000000, 0x0000000100000000)
  region size 1024K, 25 young (25600K), 1 survivors (1024K)
 Metaspace       used 60476K, committed 61056K, reserved 491520K
  class space    used 8584K, committed 8896K, reserved 425984K
}

